id=1, field=Bionic Meta-Heuristic Optimization Techniques, error=API 未返回有效的 choices
id=2, field=Image Quality Assessment Techniques Using Structural Similarity Metrics, error=API 调用失败: Error code: 400 - {'error': {'message': 'This endpoint\'s maximum context length is 64000 tokens. However, you requested about 107180 tokens (107180 of text input). Please reduce the length of either one, or use the "middle-out" transform to compress your prompt automatically.', 'code': 400, 'metadata': {'provider_name': None}}}
id=3, field=Multi-label Learning Systems and Extensions, error=API 未返回有效的 choices
id=4, field=Tabular Data Foundation Models in Machine Learning, error=API 调用失败: Error code: 400 - {'error': {'message': 'This endpoint\'s maximum context length is 64000 tokens. However, you requested about 203080 tokens (203080 of text input). Please reduce the length of either one, or use the "middle-out" transform to compress your prompt automatically.', 'code': 400, 'metadata': {'provider_name': None}}}
id=5, field=Medical Image Segmentation Techniques and Applications, error=API 未返回有效的 choices
id=6, field=Multilabel Classification Using Canonical Correlation Analysis, error=API 未返回有效的 choices
id=1, field=Bionic Meta-Heuristic Optimization Techniques, error=API 调用失败: Error code: 400 - {'error': {'message': 'This endpoint\'s maximum context length is 64000 tokens. However, you requested about 112634 tokens (100634 of text input, 12000 in the output). Please reduce the length of either one, or use the "middle-out" transform to compress your prompt automatically.', 'code': 400, 'metadata': {'provider_name': None}}}
id=2, field=Image Quality Assessment Techniques Using Structural Similarity Metrics, error=API 调用失败: Error code: 400 - {'error': {'message': 'This endpoint\'s maximum context length is 64000 tokens. However, you requested about 85929 tokens (73929 of text input, 12000 in the output). Please reduce the length of either one, or use the "middle-out" transform to compress your prompt automatically.', 'code': 400, 'metadata': {'provider_name': None}}}
id=3, field=Multi-label Learning Systems and Extensions, error=API 调用失败: Error code: 400 - {'error': {'message': 'This endpoint\'s maximum context length is 64000 tokens. However, you requested about 195599 tokens (183599 of text input, 12000 in the output). Please reduce the length of either one, or use the "middle-out" transform to compress your prompt automatically.', 'code': 400, 'metadata': {'provider_name': None}}}
id=1, field=Bionic Meta-Heuristic Optimization Techniques, error=API 未返回有效的 choices
id=2, field=Image Quality Assessment Techniques Using Structural Similarity Metrics, error=API 调用失败: Error code: 400 - {'error': {'message': 'This endpoint\'s maximum context length is 64000 tokens. However, you requested about 83929 tokens (73929 of text input, 10000 in the output). Please reduce the length of either one, or use the "middle-out" transform to compress your prompt automatically.', 'code': 400, 'metadata': {'provider_name': None}}}
id=3, field=Multi-label Learning Systems and Extensions, error=API 调用失败: Error code: 400 - {'error': {'message': 'This endpoint\'s maximum context length is 64000 tokens. However, you requested about 193599 tokens (183599 of text input, 10000 in the output). Please reduce the length of either one, or use the "middle-out" transform to compress your prompt automatically.', 'code': 400, 'metadata': {'provider_name': None}}}
id=4, field=Tabular Data Foundation Models in Machine Learning, error=API 调用失败: Error code: 400 - {'error': {'message': 'This endpoint\'s maximum context length is 64000 tokens. However, you requested about 211295 tokens (201295 of text input, 10000 in the output). Please reduce the length of either one, or use the "middle-out" transform to compress your prompt automatically.', 'code': 400, 'metadata': {'provider_name': None}}}
id=5, field=Medical Image Segmentation Techniques and Applications, error=API 调用失败: Error code: 400 - {'error': {'message': 'This endpoint\'s maximum context length is 64000 tokens. However, you requested about 71358 tokens (61358 of text input, 10000 in the output). Please reduce the length of either one, or use the "middle-out" transform to compress your prompt automatically.', 'code': 400, 'metadata': {'provider_name': None}}}
id=6, field=Multilabel Classification Using Canonical Correlation Analysis, error=API 未返回有效的 choices
id=7, field=Dialog Systems and Dialogue Generation, error=API 调用失败: Error code: 400 - {'error': {'message': 'This endpoint\'s maximum context length is 64000 tokens. However, you requested about 77209 tokens (67209 of text input, 10000 in the output). Please reduce the length of either one, or use the "middle-out" transform to compress your prompt automatically.', 'code': 400, 'metadata': {'provider_name': None}}}
id=8, field=Data Augmentation Techniques in Deep Learning, error=API 未返回有效的 choices
id=9, field=Blockchain Applications in Healthcare Security, error=API 未返回有效的 choices
id=10, field=Anomaly Detection in Cloud-Based Medical IoT Systems, error=API 未返回有效的 choices
id=11, field=Sequence and Metadata Retrieval Tools and Techniques in Computational Biology, error=API 未返回有效的 choices
id=12, field=Feature Selection in Machine Learning for Classification Tasks, error=API 调用失败: Error code: 400 - {'error': {'message': 'This endpoint\'s maximum context length is 163840 tokens. However, you requested about 353951 tokens (343951 of text input, 10000 in the output). Please reduce the length of either one, or use the "middle-out" transform to compress your prompt automatically.', 'code': 400, 'metadata': {'provider_name': None}}}
id=13, field=AI in Education and Self-Regulated Learning, error=API 调用失败: Error code: 400 - {'error': {'message': 'This endpoint\'s maximum context length is 64000 tokens. However, you requested about 108465 tokens (98465 of text input, 10000 in the output). Please reduce the length of either one, or use the "middle-out" transform to compress your prompt automatically.', 'code': 400, 'metadata': {'provider_name': None}}}
id=14, field=单图像去雾技术与深度学习结合的增强方法。, error=API 调用失败: Error code: 400 - {'error': {'message': 'This endpoint\'s maximum context length is 64000 tokens. However, you requested about 132442 tokens (122442 of text input, 10000 in the output). Please reduce the length of either one, or use the "middle-out" transform to compress your prompt automatically.', 'code': 400, 'metadata': {'provider_name': None}}}
id=1, field=Bionic Meta-Heuristic Optimization Techniques, error=API 未返回有效的 choices
id=2, field=Image Quality Assessment Techniques Using Structural Similarity Metrics, error=API 未返回有效的 choices
id=3, field=Multi-label Learning Systems and Extensions, error=API 调用失败: Error code: 400 - {'error': {'message': 'This endpoint\'s maximum context length is 64000 tokens. However, you requested about 140621 tokens (128621 of text input, 12000 in the output). Please reduce the length of either one, or use the "middle-out" transform to compress your prompt automatically.', 'code': 400, 'metadata': {'provider_name': None}}}
id=4, field=Tabular Data Foundation Models in Machine Learning, error=API 调用失败: Error code: 400 - {'error': {'message': 'This endpoint\'s maximum context length is 163840 tokens. However, you requested about 208457 tokens (196457 of text input, 12000 in the output). Please reduce the length of either one, or use the "middle-out" transform to compress your prompt automatically.', 'code': 400, 'metadata': {'provider_name': None}}}
